PUMI Git hash 2.2.7
PUMI version 2.2.7 Git hash 3a934bb8006b153c6fa829e875dc6f5b27e4b0a5
"../../geom.smd" and "../../geom.smd" loaded in 0.005287 seconds
mesh ../../mdsMesh/ loaded in 0.004348 seconds
number of tet 0 hex 128 prism 0 pyramid 0
mesh entity counts: v 225 e 560 f 464 r 128
mesh expanded from 1 to 1 parts in 0.002922 seconds
mesh migrated from 1 to 1 in 0.000041 seconds
PARMA_STATUS postSplit disconnected <max avg> 0 0.000
PARMA_STATUS postSplit neighbors <max avg> 0 0.000
PARMA_STATUS postSplit smallest side of max neighbor part 225
PARMA_STATUS postSplit num parts with max neighbors 1
PARMA_STATUS postSplit empty parts 0
PARMA_STATUS postSplit small neighbor counts 1:0 2:0 3:0 4:0 5:0 6:0 7:0 8:0 9:0 10:0 
PARMA_STATUS postSplit weighted vtx <tot max min avg> 225.0 225.0 225.0 225.000
PARMA_STATUS postSplit weighted edge <tot max min avg> 560.0 560.0 560.0 560.000
PARMA_STATUS postSplit weighted face <tot max min avg> 464.0 464.0 464.0 464.000
PARMA_STATUS postSplit weighted rgn <tot max min avg> 128.0 128.0 128.0 128.000
PARMA_STATUS postSplit owned bdry vtx <tot max min avg> 0 0 0 0.000
PARMA_STATUS postSplit shared bdry vtx <tot max min avg> 0 0 0 0.000
PARMA_STATUS postSplit model bdry vtx <tot max min avg> 162 162 162 162.000
PARMA_STATUS postSplit sharedSidesToElements <max min avg> 0.000 0.000 0.000
PARMA_STATUS postSplit entity imbalance <v e f r>: 1.00 1.00 1.00 1.00
max vertex load imbalance of partitioned mesh = 1.000000
ratio of sum of all vertices to sum of owned vertices = 1.000000
max region (3D) or face (2D) load imbalance of partitioned mesh = 1.000000
getGrowthCurves: warning! not implemented for MDS mesh
generated output structs in 0.010105 seconds
solution written in 0.001418 seconds
mesh mdsMesh/ written in 0.001473 seconds
geombc file written in 0.000903 seconds
mesh verified in 0.007020 seconds
